<?xml version="1.0" encoding="UTF-8"?>
<coverage generated="1718289015183" clover="3.2.0">
  <project timestamp="1718289015183" name="All files">
    <metrics statements="23" coveredstatements="17" conditionals="11" coveredconditionals="11" methods="4" coveredmethods="3" elements="38" coveredelements="31" complexity="0" loc="23" ncloc="23" packages="1" files="1" classes="1"/>
    <file name="basic.js" path="D:\purwadhika\jcwdol-014-01\public\online\02-frontend-development\15-intro-to-testing\basic-unit-testing\src\basic.js">
      <metrics statements="23" coveredstatements="17" conditionals="11" coveredconditionals="11" methods="4" coveredmethods="3"/>
      <line num="1" count="1" type="cond" truecount="1" falsecount="0"/>
      <line num="2" count="2" type="stmt"/>
      <line num="3" count="2" type="stmt"/>
      <line num="4" count="1" type="stmt"/>
      <line num="5" count="1" type="cond" truecount="1" falsecount="0"/>
      <line num="6" count="3" type="cond" truecount="1" falsecount="0"/>
      <line num="7" count="2" type="cond" truecount="2" falsecount="0"/>
      <line num="8" count="1" type="cond" truecount="1" falsecount="0"/>
      <line num="9" count="1" type="stmt"/>
      <line num="10" count="1" type="stmt"/>
      <line num="11" count="1" type="cond" truecount="1" falsecount="0"/>
      <line num="12" count="9" type="cond" truecount="1" falsecount="0"/>
      <line num="13" count="9" type="cond" truecount="3" falsecount="0"/>
      <line num="14" count="4" type="stmt"/>
      <line num="15" count="4" type="stmt"/>
      <line num="16" count="1" type="stmt"/>
      <line num="17" count="1" type="stmt"/>
      <line num="18" count="0" type="stmt"/>
      <line num="19" count="0" type="stmt"/>
      <line num="20" count="0" type="stmt"/>
      <line num="21" count="0" type="stmt"/>
      <line num="22" count="0" type="stmt"/>
      <line num="23" count="0" type="stmt"/>
    </file>
  </project>
</coverage>
