{"D:\\purwadhika\\jcwdol-014-01\\public\\online\\02-frontend-development\\15-intro-to-testing\\basic-unit-testing\\src\\basic.js": {"path":"D:\\purwadhika\\jcwdol-014-01\\public\\online\\02-frontend-development\\15-intro-to-testing\\basic-unit-testing\\src\\basic.js","all":false,"statementMap":{"0":{"start":{"line":1,"column":0},"end":{"line":1,"column":33}},"1":{"start":{"line":2,"column":0},"end":{"line":2,"column":20}},"2":{"start":{"line":3,"column":0},"end":{"line":3,"column":1}},"3":{"start":{"line":4,"column":0},"end":{"line":4,"column":0}},"4":{"start":{"line":5,"column":0},"end":{"line":5,"column":27}},"5":{"start":{"line":6,"column":0},"end":{"line":6,"column":22}},"6":{"start":{"line":7,"column":0},"end":{"line":7,"column":27}},"7":{"start":{"line":8,"column":0},"end":{"line":8,"column":11}},"8":{"start":{"line":9,"column":0},"end":{"line":9,"column":1}},"9":{"start":{"line":10,"column":0},"end":{"line":10,"column":0}},"10":{"start":{"line":11,"column":0},"end":{"line":11,"column":30}},"11":{"start":{"line":12,"column":0},"end":{"line":12,"column":30}},"12":{"start":{"line":13,"column":0},"end":{"line":13,"column":35}},"13":{"start":{"line":14,"column":0},"end":{"line":14,"column":30}},"14":{"start":{"line":15,"column":0},"end":{"line":15,"column":1}},"15":{"start":{"line":16,"column":0},"end":{"line":16,"column":0}},"16":{"start":{"line":17,"column":0},"end":{"line":17,"column":28}},"17":{"start":{"line":18,"column":0},"end":{"line":18,"column":26}},"18":{"start":{"line":19,"column":0},"end":{"line":19,"column":31}},"19":{"start":{"line":20,"column":0},"end":{"line":20,"column":34}},"20":{"start":{"line":21,"column":0},"end":{"line":21,"column":3}},"21":{"start":{"line":22,"column":0},"end":{"line":22,"column":14}},"22":{"start":{"line":23,"column":0},"end":{"line":23,"column":1}}},"s":{"0":1,"1":2,"2":2,"3":1,"4":1,"5":3,"6":2,"7":1,"8":1,"9":1,"10":1,"11":9,"12":9,"13":4,"14":4,"15":1,"16":1,"17":0,"18":0,"19":0,"20":0,"21":0,"22":0},"branchMap":{"0":{"type":"branch","line":1,"loc":{"start":{"line":1,"column":7},"end":{"line":3,"column":1}},"locations":[{"start":{"line":1,"column":7},"end":{"line":3,"column":1}}]},"1":{"type":"branch","line":5,"loc":{"start":{"line":5,"column":7},"end":{"line":9,"column":1}},"locations":[{"start":{"line":5,"column":7},"end":{"line":9,"column":1}}]},"2":{"type":"branch","line":6,"loc":{"start":{"line":6,"column":13},"end":{"line":6,"column":22}},"locations":[{"start":{"line":6,"column":13},"end":{"line":6,"column":22}}]},"3":{"type":"branch","line":7,"loc":{"start":{"line":7,"column":-2},"end":{"line":7,"column":27}},"locations":[{"start":{"line":7,"column":-2},"end":{"line":7,"column":27}}]},"4":{"type":"branch","line":7,"loc":{"start":{"line":7,"column":18},"end":{"line":7,"column":27}},"locations":[{"start":{"line":7,"column":18},"end":{"line":7,"column":27}}]},"5":{"type":"branch","line":8,"loc":{"start":{"line":8,"column":-2},"end":{"line":9,"column":1}},"locations":[{"start":{"line":8,"column":-2},"end":{"line":9,"column":1}}]},"6":{"type":"branch","line":11,"loc":{"start":{"line":11,"column":7},"end":{"line":15,"column":1}},"locations":[{"start":{"line":11,"column":7},"end":{"line":15,"column":1}}]},"7":{"type":"branch","line":12,"loc":{"start":{"line":12,"column":13},"end":{"line":12,"column":30}},"locations":[{"start":{"line":12,"column":13},"end":{"line":12,"column":30}}]},"8":{"type":"branch","line":13,"loc":{"start":{"line":13,"column":-2},"end":{"line":13,"column":14}},"locations":[{"start":{"line":13,"column":-2},"end":{"line":13,"column":14}}]},"9":{"type":"branch","line":13,"loc":{"start":{"line":13,"column":14},"end":{"line":13,"column":24}},"locations":[{"start":{"line":13,"column":14},"end":{"line":13,"column":24}}]},"10":{"type":"branch","line":13,"loc":{"start":{"line":13,"column":26},"end":{"line":15,"column":1}},"locations":[{"start":{"line":13,"column":26},"end":{"line":15,"column":1}}]}},"b":{"0":[2],"1":[3],"2":[1],"3":[2],"4":[1],"5":[1],"6":[9],"7":[1],"8":[8],"9":[7],"10":[4]},"fnMap":{"0":{"name":"sumPlus10","decl":{"start":{"line":1,"column":7},"end":{"line":3,"column":1}},"loc":{"start":{"line":1,"column":7},"end":{"line":3,"column":1}},"line":1},"1":{"name":"max","decl":{"start":{"line":5,"column":7},"end":{"line":9,"column":1}},"loc":{"start":{"line":5,"column":7},"end":{"line":9,"column":1}},"line":5},"2":{"name":"factorial","decl":{"start":{"line":11,"column":7},"end":{"line":15,"column":1}},"loc":{"start":{"line":11,"column":7},"end":{"line":15,"column":1}},"line":11},"3":{"name":"isPrime","decl":{"start":{"line":17,"column":7},"end":{"line":23,"column":1}},"loc":{"start":{"line":17,"column":7},"end":{"line":23,"column":1}},"line":17}},"f":{"0":2,"1":3,"2":9,"3":0}}
}
